
--------------------------------------------------
TXLib предупреждает:

Программа: C:\pupach_MFTI\pupach_atom\str_project\object\kotik.exe,

ВНЕЗАПНО: Нарушение доступа к памяти.

#1: Исключение EXCEPTION_ACCESS_VIOLATION (0xC0000005) при выполнении кода по адресу 0x7577E6DE в функции ungetwc(). Попытка прочесть данные по адресу 0x80003200 в модуле C:\Windows\System32\msvcrt.dll. Спасибо _txVectoredExceptionHandler(), что сообщил. Люблю его <3

#1: TXLib [Ver: 00173a, Rev: 172, Date: 2023-08-12 11:12:24 +0400], Instance: 0x007AE8BC (32-bit), Flags: Cmdre0, Thread: 0x2FAC (Main). 

--------------------------------------------------
Стек вызовов:

# 0 0x7577E6DE in C:\Windows\System32\msvcrt.dll: ungetwc()
# 1 0x75776800 in C:\Windows\System32\msvcrt.dll: fprintf()

# 2 0x005333E9 in C:\pupach_MFTI\pupach_atom\str_project\object\kotik.exe: sort_bubble() at C:/pupach_MFTI/pupach_atom/str_project/source/algoritm_sort.cpp (24):

     22:     {
     23:         len_arr *may = ((len_arr *)(arr_ptr) + i);
=>   24:         LOG(" number %d, str %s\n", i, (char *)(may->arr));// при анологичной печати в этом месте, при копирование байт sizeof(len_arr *)*(arr_ptr->size_arr)
     25:                                                             // копируется лишь половина строк, что и является загадкой
     26:     }

# 3 0x00484062 in C:\pupach_MFTI\pupach_atom\str_project\object\kotik.exe: main() at C:/pupach_MFTI/pupach_atom/str_project/source/onegin.cpp (34):

     32:         LOG("number %d, str %s\n", i, (char *)(may->arr));
     33:     }
=>   34:     len_arr *sort_bub_arr_ptr = sort_bubble(ptr_all_str, &compare_str_len_arr);
     35: 
     36:     printf("\nsort_bub_arr_ptr end\n");

--------------------------------------------------
Developed with:

The Dumb Artist Library (TX Library)
TXLib [Ver: 00173a, Rev: 172, Date: 2023-08-12 11:12:24 +0400]
Copyright (C) Ded (Ilya Dedinsky, http://txlib.ru) <mail@txlib.ru>
See license on: http://txlib.ru

TXLib file:	c:\program files\codeblocks\mingw\include\txlib.h
Compiled:	Sep 19 2023 00:17:50, GNU g++ 4.8.1, std=201103L, MinGW Runtime 3.20, 32-bit, DEBUG
Started:	Sep 19 2023 00:17:55

Run file:	C:\pupach_MFTI\pupach_atom\str_project\object\kotik.exe
Directory:	C:\pupach_MFTI\pupach_atom\str_project

--------------------------------------------------

--------------------------------------------------
TXLib соболезнует...

Программа: C:\pupach_MFTI\pupach_atom\str_project\object\kotik.exe,

ВНЕЗАПНО: signal (11, 0x00): SIGSEGV: Доступ по неверному указателю. Ставьте ассерты! 

Нарушение доступа к памяти.

#1: Исключение EXCEPTION_ACCESS_VIOLATION (0xC0000005) при выполнении кода по адресу 0x7577E6DE в функции ungetwc(). Попытка прочесть данные по адресу 0x80003200 в модуле C:\Windows\System32\msvcrt.dll. Спасибо _txVectoredExceptionHandler(), что сообщил. Люблю его <3

С помощью функции signal() вы можете сами обработать эту ошибку.

#2: TXLib [Ver: 00173a, Rev: 172, Date: 2023-08-12 11:12:24 +0400], Instance: 0x007AE8BC (32-bit), Flags: Cmdre0, Thread: 0x2FAC (Main). 

--------------------------------------------------
Стек вызовов:

# 0 0x7577E6DE in C:\Windows\System32\msvcrt.dll: ungetwc()
# 1 0x75776800 in C:\Windows\System32\msvcrt.dll: fprintf()

# 2 0x005333E9 in C:\pupach_MFTI\pupach_atom\str_project\object\kotik.exe: sort_bubble() at C:/pupach_MFTI/pupach_atom/str_project/source/algoritm_sort.cpp (24):

     22:     {
     23:         len_arr *may = ((len_arr *)(arr_ptr) + i);
=>   24:         LOG(" number %d, str %s\n", i, (char *)(may->arr));// при анологичной печати в этом месте, при копирование байт sizeof(len_arr *)*(arr_ptr->size_arr)
     25:                                                             // копируется лишь половина строк, что и является загадкой
     26:     }

# 3 0x00484062 in C:\pupach_MFTI\pupach_atom\str_project\object\kotik.exe: main() at C:/pupach_MFTI/pupach_atom/str_project/source/onegin.cpp (34):

     32:         LOG("number %d, str %s\n", i, (char *)(may->arr));
     33:     }
=>   34:     len_arr *sort_bub_arr_ptr = sort_bubble(ptr_all_str, &compare_str_len_arr);
     35: 
     36:     printf("\nsort_bub_arr_ptr end\n");

--------------------------------------------------
Developed with:

The Dumb Artist Library (TX Library)
TXLib [Ver: 00173a, Rev: 172, Date: 2023-08-12 11:12:24 +0400]
Copyright (C) Ded (Ilya Dedinsky, http://txlib.ru) <mail@txlib.ru>
See license on: http://txlib.ru

TXLib file:	c:\program files\codeblocks\mingw\include\txlib.h
Compiled:	Sep 19 2023 00:17:50, GNU g++ 4.8.1, std=201103L, MinGW Runtime 3.20, 32-bit, DEBUG
Started:	Sep 19 2023 00:17:55

Run file:	C:\pupach_MFTI\pupach_atom\str_project\object\kotik.exe
Directory:	C:\pupach_MFTI\pupach_atom\str_project

--------------------------------------------------

--------------------------------------------------
TXLib предупреждает:

Программа: C:\pupach_MFTI\pupach_atom\str_project\object\kotik.exe,

ВНЕЗАПНО: Нарушение доступа к памяти.

#1: Исключение EXCEPTION_ACCESS_VIOLATION (0xC0000005) при выполнении кода по адресу 0x004AFD9D в функции compare_str_len_arr() в файле C:/pupach_MFTI/pupach_atom/str_project/source/func_sort.cpp на строке 44. Попытка прочесть данные по адресу 0x00021000 в модуле C:\pupach_MFTI\pupach_atom\str_project\object\kotik.exe. Спасибо _txVectoredExceptionHandler(), что сообщил. Люблю его <3

#1: TXLib [Ver: 00173a, Rev: 172, Date: 2023-08-12 11:12:24 +0400], Instance: 0x007AE8BC (32-bit), Flags: Cmdre0, Thread: 0x5360 (Main). 

--------------------------------------------------
Стек вызовов:

# 0 0x004AFD9D in C:\pupach_MFTI\pupach_atom\str_project\object\kotik.exe: compare_str_len_arr() at C:/pupach_MFTI/pupach_atom/str_project/source/func_sort.cpp (44):

     42:         }
     43: 
=>   44:         if (!is_letter_rus(*(str_2 + index_2)))
     45:         {
     46:             index_2 += delta_index;

# 1 0x0053349E in C:\pupach_MFTI\pupach_atom\str_project\object\kotik.exe: sort_bubble() at C:/pupach_MFTI/pupach_atom/str_project/source/algoritm_sort.cpp (49):

     47: //            LOG("str1-%d, str2-%d", i, i+1);
     48: 
=>   49:             int res = f_sort((len_arr *)(arr_to_sort)  + i, (len_arr *)(arr_to_sort)  + i+1);
     50: //            LOG("\sort endd\n");
     51:             if (res == -1)

# 2 0x00484062 in C:\pupach_MFTI\pupach_atom\str_project\object\kotik.exe: main() at C:/pupach_MFTI/pupach_atom/str_project/source/onegin.cpp (34):

     32:         LOG("number %d, str %s\n", i, (char *)(may->arr));
     33:     }
=>   34:     len_arr *sort_bub_arr_ptr = sort_bubble(ptr_all_str, &compare_str_len_arr);
     35: 
     36:     printf("\nsort_bub_arr_ptr end\n");

--------------------------------------------------
Developed with:

The Dumb Artist Library (TX Library)
TXLib [Ver: 00173a, Rev: 172, Date: 2023-08-12 11:12:24 +0400]
Copyright (C) Ded (Ilya Dedinsky, http://txlib.ru) <mail@txlib.ru>
See license on: http://txlib.ru

TXLib file:	c:\program files\codeblocks\mingw\include\txlib.h
Compiled:	Sep 19 2023 00:18:24, GNU g++ 4.8.1, std=201103L, MinGW Runtime 3.20, 32-bit, DEBUG
Started:	Sep 19 2023 00:18:30

Run file:	C:\pupach_MFTI\pupach_atom\str_project\object\kotik.exe
Directory:	C:\pupach_MFTI\pupach_atom\str_project

--------------------------------------------------

--------------------------------------------------
TXLib соболезнует...

Программа: C:\pupach_MFTI\pupach_atom\str_project\object\kotik.exe,

ВНЕЗАПНО: signal (11, 0x00): SIGSEGV: Доступ по неверному указателю. Ставьте ассерты! 

Нарушение доступа к памяти.

#1: Исключение EXCEPTION_ACCESS_VIOLATION (0xC0000005) при выполнении кода по адресу 0x004AFD9D в функции compare_str_len_arr() в файле C:/pupach_MFTI/pupach_atom/str_project/source/func_sort.cpp на строке 44. Попытка прочесть данные по адресу 0x00021000 в модуле C:\pupach_MFTI\pupach_atom\str_project\object\kotik.exe. Спасибо _txVectoredExceptionHandler(), что сообщил. Люблю его <3

С помощью функции signal() вы можете сами обработать эту ошибку.

#2: TXLib [Ver: 00173a, Rev: 172, Date: 2023-08-12 11:12:24 +0400], Instance: 0x007AE8BC (32-bit), Flags: Cmdre0, Thread: 0x5360 (Main). 

--------------------------------------------------
Стек вызовов:

# 0 0x004AFD9D in C:\pupach_MFTI\pupach_atom\str_project\object\kotik.exe: compare_str_len_arr() at C:/pupach_MFTI/pupach_atom/str_project/source/func_sort.cpp (44):

     42:         }
     43: 
=>   44:         if (!is_letter_rus(*(str_2 + index_2)))
     45:         {
     46:             index_2 += delta_index;

# 1 0x0053349E in C:\pupach_MFTI\pupach_atom\str_project\object\kotik.exe: sort_bubble() at C:/pupach_MFTI/pupach_atom/str_project/source/algoritm_sort.cpp (49):

     47: //            LOG("str1-%d, str2-%d", i, i+1);
     48: 
=>   49:             int res = f_sort((len_arr *)(arr_to_sort)  + i, (len_arr *)(arr_to_sort)  + i+1);
     50: //            LOG("\sort endd\n");
     51:             if (res == -1)

# 2 0x00484062 in C:\pupach_MFTI\pupach_atom\str_project\object\kotik.exe: main() at C:/pupach_MFTI/pupach_atom/str_project/source/onegin.cpp (34):

     32:         LOG("number %d, str %s\n", i, (char *)(may->arr));
     33:     }
=>   34:     len_arr *sort_bub_arr_ptr = sort_bubble(ptr_all_str, &compare_str_len_arr);
     35: 
     36:     printf("\nsort_bub_arr_ptr end\n");

--------------------------------------------------
Developed with:

The Dumb Artist Library (TX Library)
TXLib [Ver: 00173a, Rev: 172, Date: 2023-08-12 11:12:24 +0400]
Copyright (C) Ded (Ilya Dedinsky, http://txlib.ru) <mail@txlib.ru>
See license on: http://txlib.ru

TXLib file:	c:\program files\codeblocks\mingw\include\txlib.h
Compiled:	Sep 19 2023 00:18:24, GNU g++ 4.8.1, std=201103L, MinGW Runtime 3.20, 32-bit, DEBUG
Started:	Sep 19 2023 00:18:30

Run file:	C:\pupach_MFTI\pupach_atom\str_project\object\kotik.exe
Directory:	C:\pupach_MFTI\pupach_atom\str_project

--------------------------------------------------

--------------------------------------------------
TXLib предупреждает:

Программа: C:\pupach_MFTI\pupach_atom\str_project\object\kotik.exe,

ВНЕЗАПНО: Нарушение доступа к памяти.

#1: Исключение EXCEPTION_ACCESS_VIOLATION (0xC0000005) при выполнении кода по адресу 0x004AFD9D в функции compare_str_len_arr() в файле C:/pupach_MFTI/pupach_atom/str_project/source/func_sort.cpp на строке 44. Попытка прочесть данные по адресу 0x00021000 в модуле C:\pupach_MFTI\pupach_atom\str_project\object\kotik.exe. Спасибо _txVectoredExceptionHandler(), что сообщил. Люблю его <3

#1: TXLib [Ver: 00173a, Rev: 172, Date: 2023-08-12 11:12:24 +0400], Instance: 0x007AE8BC (32-bit), Flags: Cmdre0, Thread: 0x3DF8 (Main). 

--------------------------------------------------
Стек вызовов:

# 0 0x004AFD9D in C:\pupach_MFTI\pupach_atom\str_project\object\kotik.exe: compare_str_len_arr() at C:/pupach_MFTI/pupach_atom/str_project/source/func_sort.cpp (44):

     42:         }
     43: 
=>   44:         if (!is_letter_rus(*(str_2 + index_2)))
     45:         {
     46:             index_2 += delta_index;

# 1 0x0053349E in C:\pupach_MFTI\pupach_atom\str_project\object\kotik.exe: sort_bubble() at C:/pupach_MFTI/pupach_atom/str_project/source/algoritm_sort.cpp (49):

     47: //            LOG("str1-%d, str2-%d", i, i+1);
     48: 
=>   49:             int res = f_sort((len_arr *)(arr_to_sort)  + i, (len_arr *)(arr_to_sort)  + i+1);
     50: //            LOG("\sort endd\n");
     51:             if (res == -1)

# 2 0x00484062 in C:\pupach_MFTI\pupach_atom\str_project\object\kotik.exe: main() at C:/pupach_MFTI/pupach_atom/str_project/source/onegin.cpp (34):

     32:         LOG("number %d, str %s\n", i, (char *)(may->arr));
     33:     }
=>   34:     len_arr *sort_bub_arr_ptr = sort_bubble(ptr_all_str, &compare_str_len_arr);
     35: 
     36:     printf("\nsort_bub_arr_ptr end\n");

--------------------------------------------------
Developed with:

The Dumb Artist Library (TX Library)
TXLib [Ver: 00173a, Rev: 172, Date: 2023-08-12 11:12:24 +0400]
Copyright (C) Ded (Ilya Dedinsky, http://txlib.ru) <mail@txlib.ru>
See license on: http://txlib.ru

TXLib file:	c:\program files\codeblocks\mingw\include\txlib.h
Compiled:	Sep 19 2023 00:19:11, GNU g++ 4.8.1, std=201103L, MinGW Runtime 3.20, 32-bit, DEBUG
Started:	Sep 19 2023 00:19:16

Run file:	C:\pupach_MFTI\pupach_atom\str_project\object\kotik.exe
Directory:	C:\pupach_MFTI\pupach_atom\str_project

--------------------------------------------------

--------------------------------------------------
TXLib соболезнует...

Программа: C:\pupach_MFTI\pupach_atom\str_project\object\kotik.exe,

ВНЕЗАПНО: signal (11, 0x00): SIGSEGV: Доступ по неверному указателю. Ставьте ассерты! 

Нарушение доступа к памяти.

#1: Исключение EXCEPTION_ACCESS_VIOLATION (0xC0000005) при выполнении кода по адресу 0x004AFD9D в функции compare_str_len_arr() в файле C:/pupach_MFTI/pupach_atom/str_project/source/func_sort.cpp на строке 44. Попытка прочесть данные по адресу 0x00021000 в модуле C:\pupach_MFTI\pupach_atom\str_project\object\kotik.exe. Спасибо _txVectoredExceptionHandler(), что сообщил. Люблю его <3

С помощью функции signal() вы можете сами обработать эту ошибку.

#2: TXLib [Ver: 00173a, Rev: 172, Date: 2023-08-12 11:12:24 +0400], Instance: 0x007AE8BC (32-bit), Flags: Cmdre0, Thread: 0x3DF8 (Main). 

--------------------------------------------------
Стек вызовов:

# 0 0x004AFD9D in C:\pupach_MFTI\pupach_atom\str_project\object\kotik.exe: compare_str_len_arr() at C:/pupach_MFTI/pupach_atom/str_project/source/func_sort.cpp (44):

     42:         }
     43: 
=>   44:         if (!is_letter_rus(*(str_2 + index_2)))
     45:         {
     46:             index_2 += delta_index;

# 1 0x0053349E in C:\pupach_MFTI\pupach_atom\str_project\object\kotik.exe: sort_bubble() at C:/pupach_MFTI/pupach_atom/str_project/source/algoritm_sort.cpp (49):

     47: //            LOG("str1-%d, str2-%d", i, i+1);
     48: 
=>   49:             int res = f_sort((len_arr *)(arr_to_sort)  + i, (len_arr *)(arr_to_sort)  + i+1);
     50: //            LOG("\sort endd\n");
     51:             if (res == -1)

# 2 0x00484062 in C:\pupach_MFTI\pupach_atom\str_project\object\kotik.exe: main() at C:/pupach_MFTI/pupach_atom/str_project/source/onegin.cpp (34):

     32:         LOG("number %d, str %s\n", i, (char *)(may->arr));
     33:     }
=>   34:     len_arr *sort_bub_arr_ptr = sort_bubble(ptr_all_str, &compare_str_len_arr);
     35: 
     36:     printf("\nsort_bub_arr_ptr end\n");

--------------------------------------------------
Developed with:

The Dumb Artist Library (TX Library)
TXLib [Ver: 00173a, Rev: 172, Date: 2023-08-12 11:12:24 +0400]
Copyright (C) Ded (Ilya Dedinsky, http://txlib.ru) <mail@txlib.ru>
See license on: http://txlib.ru

TXLib file:	c:\program files\codeblocks\mingw\include\txlib.h
Compiled:	Sep 19 2023 00:19:11, GNU g++ 4.8.1, std=201103L, MinGW Runtime 3.20, 32-bit, DEBUG
Started:	Sep 19 2023 00:19:16

Run file:	C:\pupach_MFTI\pupach_atom\str_project\object\kotik.exe
Directory:	C:\pupach_MFTI\pupach_atom\str_project

--------------------------------------------------
